0 info it worked if it ends with ok
1 verbose cli [ 'node',
1 verbose cli   '/usr/local/bin/npm',
1 verbose cli   'install',
1 verbose cli   'gulp',
1 verbose cli   'gulp-prefixer',
1 verbose cli   'gulp-jshint',
1 verbose cli   '--save-dev' ]
2 info using npm@1.4.28
3 info using node@v0.10.32
4 verbose cache add [ 'gulp', null ]
5 verbose cache add name=undefined spec="gulp" args=["gulp",null]
6 verbose parsed url { protocol: null,
6 verbose parsed url   slashes: null,
6 verbose parsed url   auth: null,
6 verbose parsed url   host: null,
6 verbose parsed url   port: null,
6 verbose parsed url   hostname: null,
6 verbose parsed url   hash: null,
6 verbose parsed url   search: null,
6 verbose parsed url   query: null,
6 verbose parsed url   pathname: 'gulp',
6 verbose parsed url   path: 'gulp',
6 verbose parsed url   href: 'gulp' }
7 verbose cache add [ 'gulp-prefixer', null ]
8 verbose cache add name=undefined spec="gulp-prefixer" args=["gulp-prefixer",null]
9 verbose parsed url { protocol: null,
9 verbose parsed url   slashes: null,
9 verbose parsed url   auth: null,
9 verbose parsed url   host: null,
9 verbose parsed url   port: null,
9 verbose parsed url   hostname: null,
9 verbose parsed url   hash: null,
9 verbose parsed url   search: null,
9 verbose parsed url   query: null,
9 verbose parsed url   pathname: 'gulp-prefixer',
9 verbose parsed url   path: 'gulp-prefixer',
9 verbose parsed url   href: 'gulp-prefixer' }
10 verbose cache add [ 'gulp-jshint', null ]
11 verbose cache add name=undefined spec="gulp-jshint" args=["gulp-jshint",null]
12 verbose parsed url { protocol: null,
12 verbose parsed url   slashes: null,
12 verbose parsed url   auth: null,
12 verbose parsed url   host: null,
12 verbose parsed url   port: null,
12 verbose parsed url   hostname: null,
12 verbose parsed url   hash: null,
12 verbose parsed url   search: null,
12 verbose parsed url   query: null,
12 verbose parsed url   pathname: 'gulp-jshint',
12 verbose parsed url   path: 'gulp-jshint',
12 verbose parsed url   href: 'gulp-jshint' }
13 silly lockFile 9750c68d-gulp gulp
14 verbose lock gulp /Users/shawnmiller/.npm/9750c68d-gulp.lock
15 silly lockFile d9c56383-gulp-prefixer gulp-prefixer
16 verbose lock gulp-prefixer /Users/shawnmiller/.npm/d9c56383-gulp-prefixer.lock
17 silly lockFile aeb19f3d-gulp-jshint gulp-jshint
18 verbose lock gulp-jshint /Users/shawnmiller/.npm/aeb19f3d-gulp-jshint.lock
19 silly lockFile 9750c68d-gulp gulp
20 silly lockFile 9750c68d-gulp gulp
21 silly lockFile d9c56383-gulp-prefixer gulp-prefixer
22 silly lockFile d9c56383-gulp-prefixer gulp-prefixer
23 silly lockFile aeb19f3d-gulp-jshint gulp-jshint
24 silly lockFile aeb19f3d-gulp-jshint gulp-jshint
25 verbose addNamed [ 'gulp', '' ]
26 verbose addNamed [ null, '*' ]
27 silly lockFile 72f4391e-gulp gulp@
28 verbose lock gulp@ /Users/shawnmiller/.npm/72f4391e-gulp.lock
29 verbose addNamed [ 'gulp-prefixer', '' ]
30 verbose addNamed [ null, '*' ]
31 silly lockFile 87c06d35-gulp-prefixer gulp-prefixer@
32 verbose lock gulp-prefixer@ /Users/shawnmiller/.npm/87c06d35-gulp-prefixer.lock
33 verbose addNamed [ 'gulp-jshint', '' ]
34 verbose addNamed [ null, '*' ]
35 silly lockFile 8b36bbde-gulp-jshint gulp-jshint@
36 verbose lock gulp-jshint@ /Users/shawnmiller/.npm/8b36bbde-gulp-jshint.lock
37 silly addNameRange { name: 'gulp', range: '*', hasData: false }
38 silly addNameRange { name: 'gulp-prefixer', range: '*', hasData: false }
39 verbose request where is /gulp-prefixer
40 verbose request registry https://registry.npmjs.org/
41 verbose request id 75f74817ac2baac6
42 verbose url raw /gulp-prefixer
43 verbose url resolving [ 'https://registry.npmjs.org/', './gulp-prefixer' ]
44 verbose url resolved https://registry.npmjs.org/gulp-prefixer
45 verbose request where is https://registry.npmjs.org/gulp-prefixer
46 info trying registry request attempt 1 at 14:08:53
47 http GET https://registry.npmjs.org/gulp-prefixer
48 silly addNameRange { name: 'gulp-jshint', range: '*', hasData: false }
49 verbose request where is /gulp
50 verbose request registry https://registry.npmjs.org/
51 verbose url raw /gulp
52 verbose url resolving [ 'https://registry.npmjs.org/', './gulp' ]
53 verbose url resolved https://registry.npmjs.org/gulp
54 verbose request where is https://registry.npmjs.org/gulp
55 info trying registry request attempt 1 at 14:08:53
56 verbose etag "A2O4AB7EUL9ENOSGLCSDSMBPQ"
57 http GET https://registry.npmjs.org/gulp
58 verbose request where is /gulp-jshint
59 verbose request registry https://registry.npmjs.org/
60 verbose url raw /gulp-jshint
61 verbose url resolving [ 'https://registry.npmjs.org/', './gulp-jshint' ]
62 verbose url resolved https://registry.npmjs.org/gulp-jshint
63 verbose request where is https://registry.npmjs.org/gulp-jshint
64 info trying registry request attempt 1 at 14:08:53
65 verbose etag "9SAPB31O7WIGVS6UVBVS9WR7Q"
66 http GET https://registry.npmjs.org/gulp-jshint
67 http 304 https://registry.npmjs.org/gulp
68 silly registry.get cb [ 304,
68 silly registry.get   { date: 'Fri, 10 Oct 2014 19:08:53 GMT',
68 silly registry.get     server: 'Apache',
68 silly registry.get     via: '1.1 varnish',
68 silly registry.get     'last-modified': 'Fri, 10 Oct 2014 19:08:53 GMT',
68 silly registry.get     'cache-control': 'max-age=60',
68 silly registry.get     etag: '"A2O4AB7EUL9ENOSGLCSDSMBPQ"',
68 silly registry.get     'x-served-by': 'cache-ord1734-ORD',
68 silly registry.get     'x-cache': 'HIT',
68 silly registry.get     'x-cache-hits': '1',
68 silly registry.get     'x-timer': 'S1412968133.888411,VS0,VE1',
68 silly registry.get     vary: 'Accept',
68 silly registry.get     'content-length': '0',
68 silly registry.get     'keep-alive': 'timeout=10, max=50',
68 silly registry.get     connection: 'Keep-Alive' } ]
69 verbose etag https://registry.npmjs.org/gulp from cache
70 http 304 https://registry.npmjs.org/gulp-jshint
71 silly registry.get cb [ 304,
71 silly registry.get   { date: 'Fri, 10 Oct 2014 19:08:53 GMT',
71 silly registry.get     server: 'Apache',
71 silly registry.get     via: '1.1 varnish',
71 silly registry.get     'last-modified': 'Fri, 10 Oct 2014 19:08:53 GMT',
71 silly registry.get     'cache-control': 'max-age=60',
71 silly registry.get     etag: '"9SAPB31O7WIGVS6UVBVS9WR7Q"',
71 silly registry.get     age: '1654',
71 silly registry.get     'x-served-by': 'cache-ord1731-ORD',
71 silly registry.get     'x-cache': 'HIT',
71 silly registry.get     'x-cache-hits': '1',
71 silly registry.get     'x-timer': 'S1412968133.888225,VS0,VE0',
71 silly registry.get     vary: 'Accept',
71 silly registry.get     'content-length': '0',
71 silly registry.get     'keep-alive': 'timeout=10, max=50',
71 silly registry.get     connection: 'Keep-Alive' } ]
72 verbose etag https://registry.npmjs.org/gulp-jshint from cache
73 http 404 https://registry.npmjs.org/gulp-prefixer
74 verbose headers { date: 'Fri, 10 Oct 2014 19:08:53 GMT',
74 verbose headers   server: 'CouchDB/1.5.0 (Erlang OTP/R16B03)',
74 verbose headers   'content-type': 'application/json',
74 verbose headers   'cache-control': 'max-age=0',
74 verbose headers   'content-length': '52',
74 verbose headers   'accept-ranges': 'bytes',
74 verbose headers   via: '1.1 varnish',
74 verbose headers   age: '0',
74 verbose headers   'x-served-by': 'cache-ord1720-ORD',
74 verbose headers   'x-cache': 'MISS',
74 verbose headers   'x-cache-hits': '0',
74 verbose headers   'x-timer': 'S1412968133.883494,VS0,VE31',
74 verbose headers   'keep-alive': 'timeout=10, max=50',
74 verbose headers   connection: 'Keep-Alive' }
75 silly registry.get cb [ 404,
75 silly registry.get   { date: 'Fri, 10 Oct 2014 19:08:53 GMT',
75 silly registry.get     server: 'CouchDB/1.5.0 (Erlang OTP/R16B03)',
75 silly registry.get     'content-type': 'application/json',
75 silly registry.get     'cache-control': 'max-age=0',
75 silly registry.get     'content-length': '52',
75 silly registry.get     'accept-ranges': 'bytes',
75 silly registry.get     via: '1.1 varnish',
75 silly registry.get     age: '0',
75 silly registry.get     'x-served-by': 'cache-ord1720-ORD',
75 silly registry.get     'x-cache': 'MISS',
75 silly registry.get     'x-cache-hits': '0',
75 silly registry.get     'x-timer': 'S1412968133.883494,VS0,VE31',
75 silly registry.get     'keep-alive': 'timeout=10, max=50',
75 silly registry.get     connection: 'Keep-Alive' } ]
76 silly lockFile 87c06d35-gulp-prefixer gulp-prefixer@
77 silly lockFile 87c06d35-gulp-prefixer gulp-prefixer@
78 silly addNameRange number 2 { name: 'gulp-jshint', range: '*', hasData: true }
79 silly addNameRange versions [ 'gulp-jshint',
79 silly addNameRange   [ '0.0.1',
79 silly addNameRange     '0.1.0',
79 silly addNameRange     '1.0.0',
79 silly addNameRange     '1.1.0',
79 silly addNameRange     '1.2.0',
79 silly addNameRange     '1.3.0',
79 silly addNameRange     '1.3.1',
79 silly addNameRange     '1.3.2',
79 silly addNameRange     '1.3.3',
79 silly addNameRange     '1.3.4',
79 silly addNameRange     '1.4.0',
79 silly addNameRange     '1.4.1',
79 silly addNameRange     '1.4.2',
79 silly addNameRange     '1.5.0',
79 silly addNameRange     '1.5.1',
79 silly addNameRange     '1.5.2',
79 silly addNameRange     '1.5.3',
79 silly addNameRange     '1.5.4',
79 silly addNameRange     '1.5.5',
79 silly addNameRange     '1.5.6',
79 silly addNameRange     '1.6.0',
79 silly addNameRange     '1.6.1',
79 silly addNameRange     '1.6.2',
79 silly addNameRange     '1.6.3',
79 silly addNameRange     '1.6.4',
79 silly addNameRange     '1.7.0',
79 silly addNameRange     '1.7.1',
79 silly addNameRange     '1.8.0',
79 silly addNameRange     '1.8.1',
79 silly addNameRange     '1.8.2',
79 silly addNameRange     '1.8.3',
79 silly addNameRange     '1.8.4',
79 silly addNameRange     '1.8.5' ] ]
80 verbose addNamed [ 'gulp-jshint', '1.8.5' ]
81 verbose addNamed [ '1.8.5', '1.8.5' ]
82 silly lockFile 60bc8136-gulp-jshint-1-8-5 gulp-jshint@1.8.5
83 verbose lock gulp-jshint@1.8.5 /Users/shawnmiller/.npm/60bc8136-gulp-jshint-1-8-5.lock
84 silly lockFile 60bc8136-gulp-jshint-1-8-5 gulp-jshint@1.8.5
85 silly lockFile 60bc8136-gulp-jshint-1-8-5 gulp-jshint@1.8.5
86 silly lockFile 8b36bbde-gulp-jshint gulp-jshint@
87 silly lockFile 8b36bbde-gulp-jshint gulp-jshint@
88 silly addNameRange number 2 { name: 'gulp', range: '*', hasData: true }
89 silly addNameRange versions [ 'gulp',
89 silly addNameRange   [ '0.0.1',
89 silly addNameRange     '0.0.2',
89 silly addNameRange     '0.0.3',
89 silly addNameRange     '0.0.4',
89 silly addNameRange     '0.0.5',
89 silly addNameRange     '0.0.7',
89 silly addNameRange     '0.0.8',
89 silly addNameRange     '0.0.9',
89 silly addNameRange     '0.1.0',
89 silly addNameRange     '0.2.0',
89 silly addNameRange     '1.0.0',
89 silly addNameRange     '1.1.0',
89 silly addNameRange     '1.2.0',
89 silly addNameRange     '1.2.1',
89 silly addNameRange     '2.0.0',
89 silly addNameRange     '2.0.1',
89 silly addNameRange     '2.1.0',
89 silly addNameRange     '2.2.0',
89 silly addNameRange     '2.3.0',
89 silly addNameRange     '2.4.0',
89 silly addNameRange     '2.4.1',
89 silly addNameRange     '2.6.0',
89 silly addNameRange     '2.6.1',
89 silly addNameRange     '2.7.0',
89 silly addNameRange     '3.0.0',
89 silly addNameRange     '3.1.1',
89 silly addNameRange     '3.1.2',
89 silly addNameRange     '3.1.3',
89 silly addNameRange     '3.1.4',
89 silly addNameRange     '3.2.0',
89 silly addNameRange     '3.2.1',
89 silly addNameRange     '3.2.2',
89 silly addNameRange     '3.2.3',
89 silly addNameRange     '3.2.4',
89 silly addNameRange     '3.2.5',
89 silly addNameRange     '3.3.0',
89 silly addNameRange     '3.3.1',
89 silly addNameRange     '3.3.2',
89 silly addNameRange     '3.3.4',
89 silly addNameRange     '3.4.0',
89 silly addNameRange     '3.5.0',
89 silly addNameRange     '3.5.1',
89 silly addNameRange     '3.5.2',
89 silly addNameRange     '3.5.5',
89 silly addNameRange     '3.5.6',
89 silly addNameRange     '3.6.0',
89 silly addNameRange     '3.6.1',
89 silly addNameRange     '3.6.2',
89 silly addNameRange     '3.7.0',
89 silly addNameRange     '3.8.0',
89 silly addNameRange     '3.8.1',
89 silly addNameRange     '3.8.2',
89 silly addNameRange     '3.8.3',
89 silly addNameRange     '3.8.4',
89 silly addNameRange     '3.8.5',
89 silly addNameRange     '3.8.6',
89 silly addNameRange     '3.8.7',
89 silly addNameRange     '3.8.8' ] ]
90 verbose addNamed [ 'gulp', '3.8.8' ]
91 verbose addNamed [ '3.8.8', '3.8.8' ]
92 silly lockFile 9f9512c0-gulp-3-8-8 gulp@3.8.8
93 verbose lock gulp@3.8.8 /Users/shawnmiller/.npm/9f9512c0-gulp-3-8-8.lock
94 silly lockFile 9f9512c0-gulp-3-8-8 gulp@3.8.8
95 silly lockFile 9f9512c0-gulp-3-8-8 gulp@3.8.8
96 silly lockFile 72f4391e-gulp gulp@
97 silly lockFile 72f4391e-gulp gulp@
98 error 404 404 Not Found: gulp-prefixer
98 error 404
98 error 404 'gulp-prefixer' is not in the npm registry.
98 error 404 You should bug the author to publish it
98 error 404
98 error 404 Note that you can also install from a
98 error 404 tarball, folder, or http url, or git url.
99 error System Darwin 13.4.0
100 error command "node" "/usr/local/bin/npm" "install" "gulp" "gulp-prefixer" "gulp-jshint" "--save-dev"
101 error cwd /Users/shawnmiller/Github Projects/TIY/TIY_HW13
102 error node -v v0.10.32
103 error npm -v 1.4.28
104 error code E404
105 verbose exit [ 1, true ]
